train [[-5.79818495e-01  2.76945900e+00  5.00000000e+01 -1.38629436e+00
   0.00000000e+00 -1.38629436e+00  6.00000000e+00  0.00000000e+00
  -4.30782900e-01]
 [-9.94252273e-01  3.31962600e+00  5.80000000e+01 -1.38629436e+00
   0.00000000e+00 -1.38629436e+00  6.00000000e+00  0.00000000e+00
  -1.62518900e-01]
 [-5.10825624e-01  2.69124300e+00  7.40000000e+01 -1.38629436e+00
   0.00000000e+00 -1.38629436e+00  7.00000000e+00  2.00000000e+01
  -1.62518900e-01]
 [-1.20397280e+00  3.28278900e+00  5.80000000e+01 -1.38629436e+00
   0.00000000e+00 -1.38629436e+00  6.00000000e+00  0.00000000e+00
  -1.62518900e-01]
 [ 7.51416089e-01  3.43237300e+00  6.20000000e+01 -1.38629436e+00
   0.00000000e+00 -1.38629436e+00  6.00000000e+00  0.00000000e+00
   3.71563600e-01]
 [-1.04982212e+00  3.22882600e+00  5.00000000e+01 -1.38629436e+00
   0.00000000e+00 -1.38629436e+00  6.00000000e+00  0.00000000e+00
   7.65467800e-01]
 [ 7.37164066e-01  3.47351800e+00  6.40000000e+01  6.15185640e-01
   0.00000000e+00 -1.38629436e+00  6.00000000e+00  0.00000000e+00
   7.65467800e-01]
 [ 6.93147181e-01  3.53950900e+00  5.80000000e+01  1.53686722e+00
   0.00000000e+00 -1.38629436e+00  6.00000000e+00  0.00000000e+00
   8.54415300e-01]
 [-7.76528789e-01  3.53950900e+00  4.70000000e+01 -1.38629436e+00
   0.00000000e+00 -1.38629436e+00  6.00000000e+00  0.00000000e+00
   1.04731900e+00]
 [ 2.23143551e-01  3.24454400e+00  6.30000000e+01 -1.38629436e+00
   0.00000000e+00 -1.38629436e+00  6.00000000e+00  0.00000000e+00
   1.04731900e+00]
 [ 2.54642218e-01  3.60413800e+00  6.50000000e+01 -1.38629436e+00
   0.00000000e+00 -1.38629436e+00  6.00000000e+00  0.00000000e+00
   1.26694760e+00]
 [-1.34707365e+00  3.59868100e+00  6.30000000e+01  1.26694760e+00
   0.00000000e+00 -1.38629436e+00  6.00000000e+00  0.00000000e+00
   1.26694760e+00]
 [ 1.61342993e+00  3.02286100e+00  6.30000000e+01 -1.38629436e+00
   0.00000000e+00 -5.97837000e-01  7.00000000e+00  3.00000000e+01
   1.26694760e+00]
 [ 1.47704872e+00  2.99822900e+00  6.70000000e+01 -1.38629436e+00
   0.00000000e+00 -1.38629436e+00  7.00000000e+00  5.00000000e+00
   1.34807310e+00]
 [ 1.20597081e+00  3.44201900e+00  5.70000000e+01 -1.38629436e+00
   0.00000000e+00 -4.30782920e-01  7.00000000e+00  5.00000000e+00
   1.39871690e+00]
 [ 1.54115907e+00  3.06105200e+00  6.60000000e+01 -1.38629436e+00
   0.00000000e+00 -1.38629436e+00  6.00000000e+00  0.00000000e+00
   1.44691900e+00]
 [-4.15515444e-01  3.51601300e+00  7.00000000e+01  1.24415459e+00
   0.00000000e+00 -5.97837000e-01  7.00000000e+00  3.00000000e+01
   1.47017580e+00]
 [ 2.28848617e+00  3.64935900e+00  6.60000000e+01 -1.38629436e+00
   0.00000000e+00  3.71563560e-01  6.00000000e+00  0.00000000e+00
   1.49290410e+00]
 [-5.62118918e-01  3.26766600e+00  4.10000000e+01 -1.38629436e+00
   0.00000000e+00 -1.38629436e+00  6.00000000e+00  0.00000000e+00
   1.55814460e+00]
 [ 1.82321557e-01  3.82537500e+00  7.00000000e+01  1.65822808e+00
   0.00000000e+00 -1.38629436e+00  6.00000000e+00  0.00000000e+00
   1.59938760e+00]
 [ 1.14740245e+00  3.41936500e+00  5.90000000e+01 -1.38629436e+00
   0.00000000e+00 -1.38629436e+00  6.00000000e+00  0.00000000e+00
   1.63899670e+00]
 [ 2.05923883e+00  3.50104300e+00  6.00000000e+01  1.47476301e+00
   0.00000000e+00  1.34807315e+00  7.00000000e+00  2.00000000e+01
   1.65822810e+00]
 [-5.44727175e-01  3.37588000e+00  5.90000000e+01 -7.98507700e-01
   0.00000000e+00 -1.38629436e+00  6.00000000e+00  0.00000000e+00
   1.69561560e+00]
 [ 1.78170913e+00  3.45157400e+00  6.30000000e+01  4.38254930e-01
   0.00000000e+00  1.17865500e+00  7.00000000e+00  6.00000000e+01
   1.71379790e+00]
 [ 3.85262401e-01  3.66740000e+00  6.90000000e+01  1.59938758e+00
   0.00000000e+00 -1.38629436e+00  6.00000000e+00  0.00000000e+00
   1.73165550e+00]
 [ 1.44691898e+00  3.12456500e+00  6.80000000e+01  3.00104590e-01
   0.00000000e+00 -1.38629436e+00  6.00000000e+00  0.00000000e+00
   1.76644170e+00]
 [ 5.12823626e-01  3.71965100e+00  6.50000000e+01 -1.38629436e+00
   0.00000000e+00 -7.98507700e-01  7.00000000e+00  7.00000000e+01
   1.80005830e+00]
 [-4.00477567e-01  3.86597900e+00  6.70000000e+01  1.81645208e+00
   0.00000000e+00 -1.38629436e+00  7.00000000e+00  2.00000000e+01
   1.81645210e+00]
 [ 1.04027671e+00  3.12895100e+00  6.70000000e+01  2.23143550e-01
   0.00000000e+00  4.87901600e-02  7.00000000e+00  8.00000000e+01
   1.84845480e+00]
 [ 2.40964417e+00  3.37588000e+00  6.50000000e+01 -1.38629436e+00
   0.00000000e+00  1.61938824e+00  6.00000000e+00  0.00000000e+00
   1.89461690e+00]
 [ 2.85178942e-01  4.09016900e+00  6.50000000e+01  1.96290773e+00
   0.00000000e+00 -7.98507700e-01  6.00000000e+00  0.00000000e+00
   1.92424870e+00]
 [ 1.82321557e-01  3.80443800e+00  6.50000000e+01  1.70474809e+00
   0.00000000e+00 -1.38629436e+00  6.00000000e+00  0.00000000e+00
   2.00821400e+00]
 [ 1.27536280e+00  3.03735400e+00  7.10000000e+01  1.26694760e+00
   0.00000000e+00 -1.38629436e+00  6.00000000e+00  0.00000000e+00
   2.00821400e+00]
 [ 9.95033100e-03  3.26766600e+00  5.40000000e+01 -1.38629436e+00
   0.00000000e+00 -1.38629436e+00  6.00000000e+00  0.00000000e+00
   2.02154760e+00]
 [-1.00503360e-02  3.21687400e+00  6.30000000e+01 -1.38629436e+00
   0.00000000e+00 -7.98507700e-01  6.00000000e+00  0.00000000e+00
   2.04769280e+00]
 [ 1.30833282e+00  4.11985000e+00  6.40000000e+01  2.17133681e+00
   0.00000000e+00 -1.38629436e+00  7.00000000e+00  5.00000000e+00
   2.08567210e+00]
 [ 1.42310833e+00  3.65713100e+00  7.30000000e+01 -5.79818500e-01
   0.00000000e+00  1.65822808e+00  8.00000000e+00  1.50000000e+01
   2.15755930e+00]
 [ 4.57424847e-01  2.37490600e+00  6.40000000e+01 -1.38629436e+00
   0.00000000e+00 -1.38629436e+00  7.00000000e+00  1.50000000e+01
   2.19165350e+00]
 [ 2.66095859e+00  4.08513600e+00  6.80000000e+01  1.37371558e+00
   1.00000000e+00  1.83258146e+00  7.00000000e+00  3.50000000e+01
   2.21375390e+00]
 [ 7.97507196e-01  3.01308100e+00  5.60000000e+01  9.36093360e-01
   0.00000000e+00 -1.62518930e-01  7.00000000e+00  5.00000000e+00
   2.27726730e+00]
 [ 6.20576488e-01  3.14199500e+00  6.00000000e+01 -1.38629436e+00
   0.00000000e+00 -1.38629436e+00  9.00000000e+00  8.00000000e+01
   2.29757260e+00]
 [ 1.44220199e+00  3.68261000e+00  6.80000000e+01 -1.38629436e+00
   0.00000000e+00 -1.38629436e+00  7.00000000e+00  1.00000000e+01
   2.30757260e+00]
 [ 5.82215620e-01  3.86597900e+00  6.20000000e+01  1.71379793e+00
   0.00000000e+00 -4.30782920e-01  6.00000000e+00  0.00000000e+00
   2.32727770e+00]
 [ 1.77155676e+00  3.89690900e+00  6.10000000e+01 -1.38629436e+00
   0.00000000e+00  8.10930220e-01  7.00000000e+00  6.00000000e+00
   2.37490580e+00]
 [ 1.48613970e+00  3.40949600e+00  6.60000000e+01  1.74919985e+00
   0.00000000e+00 -4.30782920e-01  7.00000000e+00  2.00000000e+01
   2.52172060e+00]
 [ 1.66392610e+00  3.39282900e+00  6.10000000e+01  6.15185640e-01
   0.00000000e+00 -1.38629436e+00  7.00000000e+00  1.50000000e+01
   2.55334380e+00]
 [ 2.72785283e+00  3.99544500e+00  7.90000000e+01  1.87946505e+00
   1.00000000e+00  2.65675691e+00  9.00000000e+00  1.00000000e+02
   2.56878810e+00]
 [ 1.16315081e+00  4.03512500e+00  6.80000000e+01  1.71379793e+00
   0.00000000e+00 -4.30782920e-01  7.00000000e+00  4.00000000e+01
   2.56878810e+00]
 [ 1.74571553e+00  3.49802200e+00  4.30000000e+01 -1.38629436e+00
   0.00000000e+00 -1.38629436e+00  6.00000000e+00  0.00000000e+00
   2.59151640e+00]
 [ 1.22082992e+00  3.56812300e+00  7.00000000e+01  1.37371558e+00
   0.00000000e+00 -7.98507700e-01  6.00000000e+00  0.00000000e+00
   2.59151640e+00]
 [ 1.09192330e+00  3.99360300e+00  6.80000000e+01 -1.38629436e+00
   0.00000000e+00 -1.38629436e+00  7.00000000e+00  5.00000000e+01
   2.65675690e+00]
 [ 1.66013103e+00  4.23483100e+00  6.40000000e+01  2.07317193e+00
   0.00000000e+00 -1.38629436e+00  6.00000000e+00  0.00000000e+00
   2.67759100e+00]
 [ 5.12823626e-01  3.63363100e+00  6.40000000e+01  1.49290410e+00
   0.00000000e+00  4.87901600e-02  7.00000000e+00  7.00000000e+01
   2.68444030e+00]
 [ 2.12704052e+00  4.12147300e+00  6.80000000e+01  1.76644166e+00
   0.00000000e+00  1.44691898e+00  7.00000000e+00  4.00000000e+01
   2.69124310e+00]
 [ 3.15359036e+00  3.51601300e+00  5.90000000e+01 -1.38629436e+00
   0.00000000e+00 -1.38629436e+00  7.00000000e+00  5.00000000e+00
   2.70471130e+00]
 [ 1.26694760e+00  4.28013200e+00  6.60000000e+01  2.12226154e+00
   0.00000000e+00 -1.38629436e+00  7.00000000e+00  1.50000000e+01
   2.71800050e+00]
 [ 9.74559640e-01  2.86505400e+00  4.70000000e+01 -1.38629436e+00
   0.00000000e+00  5.00775290e-01  7.00000000e+00  4.00000000e+00
   2.78809290e+00]
 [ 4.63734016e-01  3.76468200e+00  4.90000000e+01  1.42310833e+00
   0.00000000e+00 -1.38629436e+00  6.00000000e+00  0.00000000e+00
   2.79422790e+00]
 [ 5.42324291e-01  4.17822600e+00  7.00000000e+01  4.38254930e-01
   0.00000000e+00 -1.38629436e+00  7.00000000e+00  2.00000000e+01
   2.80638610e+00]
 [ 1.06125650e+00  3.85121100e+00  6.10000000e+01  1.29472717e+00
   0.00000000e+00 -1.38629436e+00  7.00000000e+00  4.00000000e+01
   2.81241020e+00]
 [ 4.57424847e-01  4.52450200e+00  7.30000000e+01  2.32630162e+00
   0.00000000e+00 -1.38629436e+00  6.00000000e+00  0.00000000e+00
   2.84199820e+00]
 [ 1.99741771e+00  3.71965100e+00  6.30000000e+01  1.61938824e+00
   1.00000000e+00  1.90954250e+00  7.00000000e+00  4.00000000e+01
   2.85359250e+00]
 [ 2.77570885e+00  3.52488900e+00  7.20000000e+01 -1.38629436e+00
   0.00000000e+00  1.55814462e+00  9.00000000e+00  9.50000000e+01
   2.85359250e+00]
 [ 2.03470565e+00  3.91701100e+00  6.60000000e+01  2.00821403e+00
   1.00000000e+00  2.11021320e+00  7.00000000e+00  6.00000000e+01
   2.88200350e+00]
 [ 2.07317193e+00  3.62300700e+00  6.40000000e+01 -1.38629436e+00
   0.00000000e+00 -1.38629436e+00  6.00000000e+00  0.00000000e+00
   2.88200350e+00]
 [ 1.45861502e+00  3.83622100e+00  6.10000000e+01  1.32175584e+00
   0.00000000e+00 -4.30782920e-01  7.00000000e+00  2.00000000e+01
   2.88759010e+00]
 [ 2.02287119e+00  3.87846600e+00  6.80000000e+01  1.78339122e+00
   0.00000000e+00  1.32175584e+00  7.00000000e+00  7.00000000e+01
   2.92046980e+00]
 [ 2.19833507e+00  4.05091500e+00  7.20000000e+01  2.30757263e+00
   0.00000000e+00 -4.30782920e-01  7.00000000e+00  1.00000000e+01
   2.96269240e+00]
 [-4.46287103e-01  4.40854700e+00  6.90000000e+01 -1.38629436e+00
   0.00000000e+00 -1.38629436e+00  6.00000000e+00  0.00000000e+00
   2.96269240e+00]
 [ 1.19392247e+00  4.78038300e+00  7.20000000e+01  2.32630162e+00
   0.00000000e+00 -7.98507700e-01  7.00000000e+00  5.00000000e+00
   2.97297530e+00]
 [ 1.86408013e+00  3.59319400e+00  6.00000000e+01 -1.38629436e+00
   1.00000000e+00  1.32175584e+00  7.00000000e+00  6.00000000e+01
   3.01308090e+00]
 [ 1.16002092e+00  3.34109300e+00  7.70000000e+01  1.74919985e+00
   0.00000000e+00 -1.38629436e+00  7.00000000e+00  2.50000000e+01
   3.03735390e+00]
 [ 1.21491274e+00  3.82537500e+00  6.90000000e+01 -1.38629436e+00
   1.00000000e+00  2.23143550e-01  7.00000000e+00  2.00000000e+01
   3.05635690e+00]
 [ 1.83896107e+00  3.23671600e+00  6.00000000e+01  4.38254930e-01
   1.00000000e+00  1.17865500e+00  9.00000000e+00  9.00000000e+01
   3.07500550e+00]
 [ 2.99922616e+00  3.84908300e+00  6.90000000e+01 -1.38629436e+00
   1.00000000e+00  1.90954250e+00  7.00000000e+00  2.00000000e+01
   3.27525620e+00]
 [ 3.14113048e+00  3.26384900e+00  6.80000000e+01 -5.12932900e-02
   1.00000000e+00  2.42036813e+00  7.00000000e+00  5.00000000e+01
   3.33754740e+00]
 [ 2.01089500e+00  4.43378900e+00  7.20000000e+01  2.12226154e+00
   0.00000000e+00  5.00775290e-01  7.00000000e+00  6.00000000e+01
   3.39282910e+00]
 [ 2.53765721e+00  4.35478400e+00  7.80000000e+01  2.32630162e+00
   0.00000000e+00 -1.38629436e+00  7.00000000e+00  1.00000000e+01
   3.43559880e+00]]
val [[ 2.6483002   3.582129   69.         -1.38629436  1.          2.58399755
   7.         70.          3.4578927 ]
 [ 2.7794402   3.823192   63.         -1.38629436  0.          0.37156356
   7.         50.          3.5130369 ]
 [ 1.46787435  3.070376   66.          0.55961579  0.          0.22314355
   7.         40.          3.5160131 ]
 [ 2.51365606  3.473518   57.          0.43825493  0.          2.32727771
   7.         60.          3.5307626 ]
 [ 2.61300665  3.888754   77.         -0.52763274  1.          0.55961579
   7.         30.          3.5652984 ]
 [ 2.67759099  3.838376   65.          1.11514159  0.          1.74919985
   9.         70.          3.5709402 ]
 [ 1.5623463   3.709907   60.          1.69561561  0.          0.81093022
   7.         30.          3.5876769 ]
 [ 3.30284926  3.51898    64.         -1.38629436  1.          2.32727771
   7.         60.          3.6309855 ]
 [ 2.02419307  3.731699   58.          1.63899671  0.         -1.38629436
   6.          0.          3.6800909 ]]
test [[ 1.73165554  3.369018   62.         -1.38629436  1.          0.30010459
   7.         30.          3.7123518 ]
 [ 2.80759383  4.718052   65.         -1.38629436  1.          2.46385324
   7.         60.          3.9843437 ]
 [ 1.5623463   3.69511    76.          0.93609336  1.          0.81093022
   7.         75.          3.993603  ]
 [ 3.24649099  4.101817   68.         -1.38629436  0.         -1.38629436
   6.          0.          4.029806  ]
 [ 2.53290285  3.677566   61.          1.34807315  1.         -1.38629436
   7.         15.          4.1295508 ]
 [ 2.83026783  3.876396   68.         -1.38629436  1.          1.32175584
   7.         60.          4.3851468 ]
 [ 3.82100361  3.896909   44.         -1.38629436  1.          2.1690537
   7.         40.          4.6844434 ]
 [ 2.90744736  3.396185   52.         -1.38629436  1.          2.46385324
   7.         10.          5.1431245 ]
 [ 2.88256357  3.77391    68.          1.55814462  1.          1.55814462
   7.         80.          5.477509  ]
 [ 3.47196645  3.974998   68.          0.43825493  1.          2.90416508
   7.         20.          5.5829322 ]]
